<?xml version="1.0" encoding="UTF-8"?>
<testng-results ignored="0" total="1" passed="1" failed="0" skipped="0">
  <reporter-output>
  </reporter-output>
  <suite started-at="2022-05-23T18:53:51 IST" name="Suite" finished-at="2022-05-23T18:54:08 IST" duration-ms="16507">
    <groups>
    </groups>
    <test started-at="2022-05-23T18:53:51 IST" name="Test" finished-at="2022-05-23T18:54:08 IST" duration-ms="16507">
      <class name="test.Kids">
        <test-method is-config="true" signature="setup()[pri:0, instance:test.Kids@6ca8564a]" started-at="2022-05-23T18:53:51 IST" name="setup" finished-at="2022-05-23T18:53:54 IST" duration-ms="2491" status="PASS">
          <reporter-output>
          </reporter-output>
        </test-method> <!-- setup -->
        <test-method signature="test()[pri:0, instance:test.Kids@6ca8564a]" started-at="2022-05-23T18:53:54 IST" name="test" finished-at="2022-05-23T18:54:03 IST" duration-ms="9319" status="PASS">
          <reporter-output>
          </reporter-output>
        </test-method> <!-- test -->
        <test-method is-config="true" signature="tear()[pri:0, instance:test.Kids@6ca8564a]" started-at="2022-05-23T18:54:03 IST" name="tear" finished-at="2022-05-23T18:54:08 IST" duration-ms="4656" status="PASS">
          <reporter-output>
          </reporter-output>
        </test-method> <!-- tear -->
      </class> <!-- test.Kids -->
    </test> <!-- Test -->
  </suite> <!-- Suite -->
</testng-results>
